# kdesrc-build running: 'make' '-j' '4'
# from directory: /home/vumpus/kde/build/multimedia/elisa
Scanning dependencies of target copy
Scanning dependencies of target elisaLib_autogen
Scanning dependencies of target copy2
Scanning dependencies of target elisaqmltests_autogen
[  1%] Automatic MOC for target elisaLib
[  2%] Automatic MOC for target elisaqmltests
[  2%] Built target copy2
[  2%] Built target copy
Scanning dependencies of target doc-index-cache-bz2
[  2%] Generating index.cache.bz2
[  2%] Built target elisaqmltests_autogen
Scanning dependencies of target elisaqmltests
[  3%] Building CXX object autotests/CMakeFiles/elisaqmltests.dir/elisaqmltests_autogen/mocs_compilation.cpp.o
[  3%] Building CXX object autotests/CMakeFiles/elisaqmltests.dir/elisaqmltests.cpp.o
Note: namesp. add : added namespace before processing              The Elisa Handbook
Attributed 115 IDs for element, cleaned up 0
[  3%] Built target doc-index-cache-bz2
[  3%] Built target elisaLib_autogen
[  4%] Generating baloo/main.cpp, baloo/main.h
[  5%] Generating elisa_settings.h, elisa_settings.cpp
[  6%] Generating baloo/fileindexer.cpp, baloo/fileindexer.h
[  6%] Generating baloowatcherapplicationadaptor.cpp, baloowatcherapplicationadaptor.h
[  6%] Generating baloo/scheduler.cpp, baloo/scheduler.h
[  7%] Generating elisa_settings.moc
[  8%] Generating baloo/main.moc
[  8%] Generating baloo/fileindexer.moc
[  9%] Generating baloo/scheduler.moc
[ 10%] Generating baloowatcherapplicationadaptor.moc
Scanning dependencies of target elisaLib
[ 10%] Building CXX object src/CMakeFiles/elisaLib.dir/elisaLib_autogen/mocs_compilation.cpp.o
[ 11%] Building CXX object src/CMakeFiles/elisaLib.dir/mediaplaylist.cpp.o
[ 12%] Building CXX object src/CMakeFiles/elisaLib.dir/mediaplaylistproxymodel.cpp.o
[ 12%] Building CXX object src/CMakeFiles/elisaLib.dir/progressindicator.cpp.o
[ 13%] Building CXX object src/CMakeFiles/elisaLib.dir/databaseinterface.cpp.o
[ 14%] Linking CXX executable ../bin/elisaqmltests
[ 14%] Built target elisaqmltests
[ 15%] Building CXX object src/CMakeFiles/elisaLib.dir/datatypes.cpp.o
[ 15%] Building CXX object src/CMakeFiles/elisaLib.dir/musiclistenersmanager.cpp.o
[ 16%] Building CXX object src/CMakeFiles/elisaLib.dir/managemediaplayercontrol.cpp.o
[ 17%] Building CXX object src/CMakeFiles/elisaLib.dir/manageheaderbar.cpp.o
[ 17%] Building CXX object src/CMakeFiles/elisaLib.dir/manageaudioplayer.cpp.o
[ 18%] Building CXX object src/CMakeFiles/elisaLib.dir/trackslistener.cpp.o
[ 18%] Building CXX object src/CMakeFiles/elisaLib.dir/elisaapplication.cpp.o
[ 19%] Building CXX object src/CMakeFiles/elisaLib.dir/modeldataloader.cpp.o
[ 20%] Building CXX object src/CMakeFiles/elisaLib.dir/elisautils.cpp.o
[ 20%] Building CXX object src/CMakeFiles/elisaLib.dir/abstractfile/abstractfilelistener.cpp.o
[ 21%] Building CXX object src/CMakeFiles/elisaLib.dir/abstractfile/abstractfilelisting.cpp.o
[ 22%] Building CXX object src/CMakeFiles/elisaLib.dir/filescanner.cpp.o
[ 22%] Building CXX object src/CMakeFiles/elisaLib.dir/filewriter.cpp.o
[ 23%] Building CXX object src/CMakeFiles/elisaLib.dir/viewmanager.cpp.o
[ 24%] Building CXX object src/CMakeFiles/elisaLib.dir/powermanagementinterface.cpp.o
[ 24%] Building CXX object src/CMakeFiles/elisaLib.dir/file/filelistener.cpp.o
[ 25%] Building CXX object src/CMakeFiles/elisaLib.dir/file/localfilelisting.cpp.o
[ 25%] Building CXX object src/CMakeFiles/elisaLib.dir/models/datamodel.cpp.o
[ 26%] Building CXX object src/CMakeFiles/elisaLib.dir/models/abstractmediaproxymodel.cpp.o
[ 27%] Building CXX object src/CMakeFiles/elisaLib.dir/models/gridviewproxymodel.cpp.o
[ 27%] Building CXX object src/CMakeFiles/elisaLib.dir/models/trackmetadatamodel.cpp.o
[ 28%] Building CXX object src/CMakeFiles/elisaLib.dir/models/editabletrackmetadatamodel.cpp.o
[ 29%] Building CXX object src/CMakeFiles/elisaLib.dir/models/trackcontextmetadatamodel.cpp.o
[ 29%] Building CXX object src/CMakeFiles/elisaLib.dir/models/viewsmodel.cpp.o
/home/vumpus/kde/src/multimedia/elisa/src/models/trackmetadatamodel.cpp: In member function ‘virtual QVariant TrackMetadataModel::data(const QModelIndex&, int) const’:
/home/vumpus/kde/src/multimedia/elisa/src/models/trackmetadatamodel.cpp:110:16: warning: enumeration value ‘HasChildrenRole’ not handled in switch [-Wswitch]
  110 |         switch (currentKey)
      |                ^
/home/vumpus/kde/src/multimedia/elisa/src/models/trackmetadatamodel.cpp: In static member function ‘static QString TrackMetadataModel::nameFromRole(DataTypes::ColumnsRoles)’:
/home/vumpus/kde/src/multimedia/elisa/src/models/trackmetadatamodel.cpp:482:12: warning: enumeration value ‘HasChildrenRole’ not handled in switch [-Wswitch]
  482 |     switch (role)
      |            ^
/home/vumpus/kde/src/multimedia/elisa/src/models/editabletrackmetadatamodel.cpp: In member function ‘virtual QVariant EditableTrackMetadataModel::data(const QModelIndex&, int) const’:
/home/vumpus/kde/src/multimedia/elisa/src/models/editabletrackmetadatamodel.cpp:27:16: warning: enumeration value ‘HasChildrenRole’ not handled in switch [-Wswitch]
   27 |         switch (currentKey)
      |                ^
/home/vumpus/kde/src/multimedia/elisa/src/models/editabletrackmetadatamodel.cpp:144:20: warning: enumeration value ‘HasChildrenRole’ not handled in switch [-Wswitch]
  144 |             switch (currentKey)
      |                    ^
[ 30%] Building CXX object src/CMakeFiles/elisaLib.dir/models/viewsproxymodel.cpp.o
[ 31%] Building CXX object src/CMakeFiles/elisaLib.dir/viewslistdata.cpp.o
[ 31%] Building CXX object src/CMakeFiles/elisaLib.dir/viewconfigurationdata.cpp.o
[ 32%] Building CXX object src/CMakeFiles/elisaLib.dir/localFileConfiguration/elisaconfigurationdialog.cpp.o
[ 33%] Building CXX object src/CMakeFiles/elisaLib.dir/indexersManager.cpp.o
[ 33%] Building CXX object src/CMakeFiles/elisaLib.dir/databaseLogging.cpp.o
[ 34%] Building CXX object src/CMakeFiles/elisaLib.dir/abstractfile/indexercommon.cpp.o
[ 34%] Building CXX object src/CMakeFiles/elisaLib.dir/models/modelLogging.cpp.o
[ 35%] Building CXX object src/CMakeFiles/elisaLib.dir/playListLogging.cpp.o
[ 36%] Building CXX object src/CMakeFiles/elisaLib.dir/viewsLogging.cpp.o
[ 36%] Building CXX object src/CMakeFiles/elisaLib.dir/playerLogging.cpp.o
[ 37%] Building CXX object src/CMakeFiles/elisaLib.dir/powerManagementLogging.cpp.o
[ 38%] Building CXX object src/CMakeFiles/elisaLib.dir/vlcLogging.cpp.o
[ 38%] Building CXX object src/CMakeFiles/elisaLib.dir/audiowrapper_libvlc.cpp.o
[ 39%] Building CXX object src/CMakeFiles/elisaLib.dir/models/filebrowsermodel.cpp.o
[ 40%] Building CXX object src/CMakeFiles/elisaLib.dir/models/filebrowserproxymodel.cpp.o
[ 40%] Building CXX object src/CMakeFiles/elisaLib.dir/baloo/baloocommon.cpp.o
[ 41%] Building CXX object src/CMakeFiles/elisaLib.dir/baloo/localbaloofilelisting.cpp.o
[ 42%] Building CXX object src/CMakeFiles/elisaLib.dir/baloo/baloolistener.cpp.o
[ 42%] Building CXX object src/CMakeFiles/elisaLib.dir/baloo/baloodetector.cpp.o
[ 43%] Building CXX object src/CMakeFiles/elisaLib.dir/baloo/main.cpp.o
[ 43%] Building CXX object src/CMakeFiles/elisaLib.dir/baloo/fileindexer.cpp.o
[ 44%] Building CXX object src/CMakeFiles/elisaLib.dir/baloo/scheduler.cpp.o
[ 45%] Building CXX object src/CMakeFiles/elisaLib.dir/baloowatcherapplicationadaptor.cpp.o
[ 45%] Building CXX object src/CMakeFiles/elisaLib.dir/mpris2/mpris2.cpp.o
[ 46%] Building CXX object src/CMakeFiles/elisaLib.dir/mpris2/mediaplayer2.cpp.o
[ 47%] Building CXX object src/CMakeFiles/elisaLib.dir/mpris2/mediaplayer2player.cpp.o
[ 47%] Building CXX object src/CMakeFiles/elisaLib.dir/elisa_settings.cpp.o
[ 48%] Linking CXX shared library ../bin/libelisaLib.so
[ 48%] Built target elisaLib
Scanning dependencies of target elisa_autogen
Scanning dependencies of target filewriterTest_autogen
Scanning dependencies of target elisaqmlplugin_autogen
Scanning dependencies of target elisaImport_autogen
[ 50%] Automatic MOC for target elisaqmlplugin
[ 50%] Automatic MOC for target elisaImport
[ 50%] Automatic MOC for target elisa
[ 50%] Automatic MOC for target filewriterTest
[ 50%] Built target elisaImport_autogen
Scanning dependencies of target filescannerTest_autogen
[ 50%] Automatic MOC for target filescannerTest
[ 50%] Built target elisa_autogen
Scanning dependencies of target localfilelistingtest_autogen
[ 51%] Automatic MOC for target localfilelistingtest
[ 51%] Built target filewriterTest_autogen
Scanning dependencies of target trackmetadatamodeltest_autogen
[ 52%] Automatic MOC for target trackmetadatamodeltest
[ 52%] Built target elisaqmlplugin_autogen
Scanning dependencies of target viewManagerTest_autogen
[ 53%] Automatic MOC for target viewManagerTest
[ 53%] Built target filescannerTest_autogen
Scanning dependencies of target databaseInterfaceTest_autogen
[ 54%] Automatic MOC for target databaseInterfaceTest
[ 54%] Built target viewManagerTest_autogen
Scanning dependencies of target viewsmodeltest_autogen
[ 55%] Automatic MOC for target viewsmodeltest
[ 55%] Built target trackmetadatamodeltest_autogen
Scanning dependencies of target managemediaplayercontrolTest_autogen
[ 56%] Automatic MOC for target managemediaplayercontrolTest
[ 56%] Built target localfilelistingtest_autogen
Scanning dependencies of target manageheaderbarTest_autogen
[ 56%] Automatic MOC for target manageheaderbarTest
[ 56%] Built target managemediaplayercontrolTest_autogen
Scanning dependencies of target manageaudioplayerTest_autogen
[ 56%] Automatic MOC for target manageaudioplayerTest
[ 56%] Built target manageheaderbarTest_autogen
Scanning dependencies of target mediaplaylistproxymodelTest_autogen
[ 57%] Automatic MOC for target mediaplaylistproxymodelTest
[ 57%] Built target manageaudioplayerTest_autogen
Scanning dependencies of target datamodeltest_autogen
[ 57%] Built target viewsmodeltest_autogen
[ 58%] Automatic MOC for target datamodeltest
Scanning dependencies of target mediaplaylistTest_autogen
[ 59%] Automatic MOC for target mediaplaylistTest
[ 59%] Built target mediaplaylistproxymodelTest_autogen
Scanning dependencies of target trackslistenertest_autogen
[ 60%] Automatic MOC for target trackslistenertest
[ 60%] Built target mediaplaylistTest_autogen
Scanning dependencies of target elisaImport
[ 61%] Building CXX object src/CMakeFiles/elisaImport.dir/elisaImport_autogen/mocs_compilation.cpp.o
[ 61%] Building CXX object src/CMakeFiles/elisaImport.dir/elisaimport.cpp.o
[ 61%] Built target datamodeltest_autogen
[ 62%] Generating qrc_resources.cpp
[ 62%] Built target databaseInterfaceTest_autogen
[ 62%] Built target trackslistenertest_autogen
Scanning dependencies of target elisa
[ 63%] Building CXX object src/CMakeFiles/elisa.dir/elisa_autogen/mocs_compilation.cpp.o
[ 63%] Building CXX object src/CMakeFiles/elisa.dir/main.cpp.o
Scanning dependencies of target filewriterTest
Scanning dependencies of target elisaqmlplugin
[ 64%] Building CXX object autotests/CMakeFiles/filewriterTest.dir/filewriterTest_autogen/mocs_compilation.cpp.o
[ 65%] Building CXX object src/CMakeFiles/elisaqmlplugin.dir/elisaqmlplugin_autogen/mocs_compilation.cpp.o
[ 66%] Building CXX object autotests/CMakeFiles/filewriterTest.dir/filewritertest.cpp.o
[ 66%] Building CXX object src/CMakeFiles/elisaqmlplugin.dir/elisaqmlplugin.cpp.o
/home/vumpus/kde/src/multimedia/elisa/src/main.cpp: In function ‘int main(int, char**)’:
/home/vumpus/kde/src/multimedia/elisa/src/main.cpp:143:23: warning: ‘void KDeclarative::KDeclarative::setupContext()’ is deprecated: Since 5.17. set KLocalizedContext directly, see documentation in KI18n::KLocalizedContext [-Wdeprecated-declarations]
  143 |     decl.setupContext();
      |                       ^
In file included from /usr/include/KF5/KDeclarative/KDeclarative/KDeclarative:1,
                 from /home/vumpus/kde/src/multimedia/elisa/src/main.cpp:19:
/usr/include/KF5/KDeclarative/kdeclarative/kdeclarative.h:92:10: note: declared here
   92 |     void setupContext();
      |          ^~~~~~~~~~~~
[ 67%] Building CXX object src/CMakeFiles/elisaImport.dir/elisaimportapplication.cpp.o
[ 68%] Building CXX object src/CMakeFiles/elisa.dir/elisaarguments.cpp.o
[ 69%] Linking CXX executable ../bin/elisaImport
[ 69%] Built target elisaImport
Scanning dependencies of target filescannerTest
[ 70%] Building CXX object autotests/CMakeFiles/filescannerTest.dir/filescannerTest_autogen/mocs_compilation.cpp.o
[ 70%] Building CXX object autotests/CMakeFiles/filescannerTest.dir/filescannertest.cpp.o
[ 70%] Linking CXX executable ../bin/filewriterTest
[ 70%] Built target filewriterTest
Scanning dependencies of target localfilelistingtest
[ 71%] Building CXX object autotests/CMakeFiles/localfilelistingtest.dir/localfilelistingtest_autogen/mocs_compilation.cpp.o
[ 71%] Building CXX object autotests/CMakeFiles/localfilelistingtest.dir/localfilelistingtest.cpp.o
[ 71%] Building CXX object src/CMakeFiles/elisa.dir/qrc_resources.cpp.o
[ 72%] Linking CXX executable ../bin/elisa
[ 72%] Built target elisa
Scanning dependencies of target trackmetadatamodeltest
[ 73%] Building CXX object autotests/CMakeFiles/trackmetadatamodeltest.dir/trackmetadatamodeltest_autogen/mocs_compilation.cpp.o
[ 73%] Building CXX object autotests/CMakeFiles/trackmetadatamodeltest.dir/trackmetadatamodeltest.cpp.o
[ 74%] Building CXX object src/CMakeFiles/elisaqmlplugin.dir/elisautils.cpp.o
[ 75%] Linking CXX executable ../bin/filescannerTest
[ 75%] Built target filescannerTest
Scanning dependencies of target viewManagerTest
[ 75%] Building CXX object autotests/CMakeFiles/viewManagerTest.dir/viewManagerTest_autogen/mocs_compilation.cpp.o
[ 76%] Building CXX object autotests/CMakeFiles/viewManagerTest.dir/viewmanagertest.cpp.o
[ 77%] Building CXX object src/CMakeFiles/elisaqmlplugin.dir/embeddedcoverageimageprovider.cpp.o
[ 78%] Linking CXX executable ../bin/localfilelistingtest
[ 78%] Built target localfilelistingtest
Scanning dependencies of target databaseInterfaceTest
[ 78%] Building CXX object autotests/CMakeFiles/databaseInterfaceTest.dir/databaseInterfaceTest_autogen/mocs_compilation.cpp.o
[ 78%] Linking CXX shared library ../bin/org/kde/elisa/libelisaqmlplugin.so
[ 79%] Building CXX object autotests/CMakeFiles/databaseInterfaceTest.dir/databaseinterfacetest.cpp.o
[ 80%] Linking CXX executable ../bin/trackmetadatamodeltest
[ 80%] Built target elisaqmlplugin
Scanning dependencies of target viewsmodeltest
[ 81%] Building CXX object autotests/CMakeFiles/viewsmodeltest.dir/viewsmodeltest_autogen/mocs_compilation.cpp.o
[ 81%] Building CXX object autotests/CMakeFiles/viewsmodeltest.dir/viewsmodeltest.cpp.o
[ 81%] Built target trackmetadatamodeltest
Scanning dependencies of target managemediaplayercontrolTest
[ 82%] Building CXX object autotests/CMakeFiles/managemediaplayercontrolTest.dir/managemediaplayercontrolTest_autogen/mocs_compilation.cpp.o
[ 83%] Building CXX object autotests/CMakeFiles/managemediaplayercontrolTest.dir/managemediaplayercontroltest.cpp.o
[ 84%] Building CXX object autotests/CMakeFiles/viewManagerTest.dir/__/src/elisautils.cpp.o
[ 84%] Linking CXX executable ../bin/viewManagerTest
[ 84%] Built target viewManagerTest
Scanning dependencies of target manageheaderbarTest
[ 85%] Building CXX object autotests/CMakeFiles/manageheaderbarTest.dir/manageheaderbarTest_autogen/mocs_compilation.cpp.o
[ 85%] Building CXX object autotests/CMakeFiles/manageheaderbarTest.dir/manageheaderbartest.cpp.o
[ 85%] Building CXX object autotests/CMakeFiles/managemediaplayercontrolTest.dir/__/src/elisautils.cpp.o
[ 86%] Linking CXX executable ../bin/viewsmodeltest
[ 86%] Built target viewsmodeltest
Scanning dependencies of target manageaudioplayerTest
[ 86%] Building CXX object autotests/CMakeFiles/manageaudioplayerTest.dir/manageaudioplayerTest_autogen/mocs_compilation.cpp.o
[ 87%] Building CXX object autotests/CMakeFiles/manageaudioplayerTest.dir/manageaudioplayertest.cpp.o
[ 88%] Linking CXX executable ../bin/managemediaplayercontrolTest
[ 88%] Built target managemediaplayercontrolTest
Scanning dependencies of target mediaplaylistproxymodelTest
[ 88%] Building CXX object autotests/CMakeFiles/mediaplaylistproxymodelTest.dir/mediaplaylistproxymodelTest_autogen/mocs_compilation.cpp.o
[ 89%] Building CXX object autotests/CMakeFiles/mediaplaylistproxymodelTest.dir/mediaplaylistproxymodeltest.cpp.o
[ 90%] Building CXX object autotests/CMakeFiles/manageheaderbarTest.dir/__/src/elisautils.cpp.o
[ 91%] Linking CXX executable ../bin/manageheaderbarTest
[ 91%] Built target manageheaderbarTest
Scanning dependencies of target datamodeltest
[ 92%] Building CXX object autotests/CMakeFiles/datamodeltest.dir/datamodeltest_autogen/mocs_compilation.cpp.o
[ 92%] Building CXX object autotests/CMakeFiles/datamodeltest.dir/datamodeltest.cpp.o
[ 92%] Linking CXX executable ../bin/databaseInterfaceTest
[ 92%] Built target databaseInterfaceTest
Scanning dependencies of target mediaplaylistTest
[ 92%] Building CXX object autotests/CMakeFiles/mediaplaylistTest.dir/mediaplaylistTest_autogen/mocs_compilation.cpp.o
[ 93%] Building CXX object autotests/CMakeFiles/mediaplaylistTest.dir/mediaplaylisttest.cpp.o
[ 94%] Linking CXX executable ../bin/datamodeltest
[ 94%] Built target datamodeltest
Scanning dependencies of target trackslistenertest
[ 94%] Building CXX object autotests/CMakeFiles/trackslistenertest.dir/trackslistenertest_autogen/mocs_compilation.cpp.o
[ 95%] Building CXX object autotests/CMakeFiles/trackslistenertest.dir/trackslistenertest.cpp.o
[ 96%] Linking CXX executable ../bin/manageaudioplayerTest
[ 96%] Built target manageaudioplayerTest
[ 96%] Building CXX object autotests/CMakeFiles/mediaplaylistTest.dir/__/src/elisautils.cpp.o
[ 96%] Building CXX object autotests/CMakeFiles/trackslistenertest.dir/__/src/elisautils.cpp.o
[ 97%] Building CXX object autotests/CMakeFiles/mediaplaylistproxymodelTest.dir/__/src/elisautils.cpp.o
[ 98%] Linking CXX executable ../bin/trackslistenertest
[ 98%] Built target trackslistenertest
[ 98%] Linking CXX executable ../bin/mediaplaylistproxymodelTest
[ 98%] Built target mediaplaylistproxymodelTest
[100%] Linking CXX executable ../bin/mediaplaylistTest
[100%] Built target mediaplaylistTest
